<?xml version="1.0" encoding="UTF-8"?>
<!-- Generated by org.testng.reporters.JUnitXMLReporter -->
<testsuite hostname="LAPTOP-807JA60V" ignored="0" name="Test" tests="2" failures="1" timestamp="2022-01-23T23:13:25 IST" time="46.508" errors="0">
  <testcase name="configBS" time="0.009" classname="com.crm.GenericLibrary.BaseClass"/>
  <testcase name="contactTest" time="6.982" classname="practice.SampleTest">
    <failure type="java.lang.AssertionError" message="expected [B] but found [A]">
      <![CDATA[java.lang.AssertionError: expected [B] but found [A]
at practice.SampleTest.contactTest(SampleTest.java:17)
at java.util.ArrayList.forEach(Unknown Source)
... Removed 33 stack frames]]>
    </failure>
  </testcase> <!-- contactTest -->
</testsuite> <!-- Test -->
