<?xml version="1.0" encoding="UTF-8"?>
<!-- Generated by org.testng.reporters.JUnitXMLReporter -->
<testsuite hostname="LAPTOP-807JA60V" ignored="4" name="SmokeTest" tests="2" failures="2" timestamp="2022-01-21T13:12:05 IST" time="0.5" errors="0">
  <testcase name="createOrgTest" time="0.409" classname="com.crm.comcas.orgTest.CreateOrganization">
    <failure type="java.lang.NullPointerException">
      <![CDATA[java.lang.NullPointerException
at org.openqa.selenium.support.pagefactory.DefaultElementLocator.findElement(DefaultElementLocator.java:69)
at org.openqa.selenium.support.pagefactory.internal.LocatingElementHandler.invoke(LocatingElementHandler.java:38)
at com.sun.proxy.$Proxy14.click(Unknown Source)
at com.crm.comcas.orgTest.CreateOrganization.createOrgTest(CreateOrganization.java:19)
at java.util.ArrayList.forEach(Unknown Source)
... Removed 27 stack frames]]>
    </failure>
  </testcase> <!-- createOrgTest -->
  <testcase name="createOrgWithIndutriesTest" time="0.054" classname="com.crm.comcas.orgTest.CreateOrganization">
    <failure type="java.lang.NullPointerException">
      <![CDATA[java.lang.NullPointerException
at org.openqa.selenium.support.pagefactory.DefaultElementLocator.findElement(DefaultElementLocator.java:69)
at org.openqa.selenium.support.pagefactory.internal.LocatingElementHandler.invoke(LocatingElementHandler.java:38)
at com.sun.proxy.$Proxy14.click(Unknown Source)
at com.crm.comcas.orgTest.CreateOrganization.createOrgWithIndutriesTest(CreateOrganization.java:53)
at java.util.ArrayList.forEach(Unknown Source)
... Removed 27 stack frames]]>
    </failure>
  </testcase> <!-- createOrgWithIndutriesTest -->
  <testcase name="UnitTest" time="0.0" classname="practice.ProjectUnitTest">
    <ignored/>
  </testcase> <!-- UnitTest -->
  <testcase name="bookTicket" time="0.0" classname="practice.BookTicket">
    <ignored/>
  </testcase> <!-- bookTicket -->
  <testcase name="bookTicket" time="0.0" classname="practice.SampleTest_dataProvider">
    <ignored/>
  </testcase> <!-- bookTicket -->
  <testcase name="CreateContactWithOrgTest" time="0.0" classname="com.crm.comcast.contacttest.CreateOrganization">
    <ignored/>
  </testcase> <!-- CreateContactWithOrgTest -->
</testsuite> <!-- SmokeTest -->
