<?xml version="1.0" encoding="UTF-8"?>
<!-- Generated by org.testng.reporters.JUnitXMLReporter -->
<testsuite hostname="LAPTOP-807JA60V" ignored="6" name="Test" tests="3" failures="0" timestamp="2022-01-21T13:31:19 IST" time="39.989" errors="0">
  <testcase name="configBS" time="0.008" classname="com.crm.GenericLibrary.BaseClass"/>
  <testcase name="createOrgTest" time="10.091" classname="com.crm.comcas.orgTest.CreateOrganization"/>
  <testcase name="configBS" time="0.001" classname="com.crm.GenericLibrary.BaseClass"/>
  <testcase name="UnitTest" time="0.0" classname="practice.ProjectUnitTest">
    <ignored/>
  </testcase> <!-- UnitTest -->
  <testcase name="bookTicket" time="0.0" classname="practice.BookTicket">
    <ignored/>
  </testcase> <!-- bookTicket -->
  <testcase name="createOrgWithIndutriesTest" time="0.0" classname="com.crm.comcas.orgTest.CreateOrganization">
    <ignored/>
  </testcase> <!-- createOrgWithIndutriesTest -->
  <testcase name="bookTicket" time="0.0" classname="practice.SampleTest_dataProvider">
    <ignored/>
  </testcase> <!-- bookTicket -->
  <testcase name="CreateContactWithOrgTest" time="0.0" classname="com.crm.comcast.contacttest.CreateOrganization">
    <ignored/>
  </testcase> <!-- CreateContactWithOrgTest -->
  <testcase name="@AfterSuite configAS" time="0.0" classname="com.crm.GenericLibrary.BaseClass">
    <ignored/>
  </testcase> <!-- @AfterSuite configAS -->
</testsuite> <!-- Test -->
